<?xml version="1.0" encoding="UTF-8"?>
<!-- Generated by org.testng.reporters.JUnitXMLReporter -->
<testsuite hostname="DESKTOP-S8EMU8D" ignored="0" name="Test" tests="7" failures="0" timestamp="2021-01-05T23:51:02 IST" time="59.252" errors="0">
  <testcase name="Login" time="15.757" classname="Execution.HomePage"/>
  <testcase name="searchProduct" time="2.452" classname="Execution.HomePage"/>
  <testcase name="searchNoOfProducts" time="6.715" classname="Execution.HomePage"/>
  <testcase name="setPincode" time="9.648" classname="Execution.HomePage"/>
  <testcase name="clickOnBuy" time="0.278" classname="Execution.HomePage"/>
  <testcase name="setAddress" time="7.641" classname="Execution.HomePage"/>
  <testcase name="checkingProductDetails" time="0.506" classname="Execution.HomePage"/>
</testsuite> <!-- Test -->
