<?xml version="1.0" encoding="UTF-8"?>
<testsuite xmlns:xsi="http://www.w3.org/2001/XMLSchema-instance" xsi:noNamespaceSchemaLocation="https://maven.apache.org/surefire/maven-surefire-plugin/xsd/surefire-test-report-3.0.xsd" version="3.0" name="TestSuite" time="63.859" tests="7" errors="0" skipped="0" failures="0">
  <properties>
[...]
</properties>
  <testcase name="Login" classname="Execution.HomePage" time="15.666">
    <system-out><![CDATA[23:50:19.434 [main] INFO  java.lang.Class - Module Name: Login
23:50:19.508 [main] INFO  java.lang.Class - enter username
23:50:20.046 [main] INFO  java.lang.Class - enter password
]]></system-out>
    <system-err><![CDATA[Starting ChromeDriver 87.0.4280.20 (c99e81631faa0b2a448e658c0dbd8311fb04ddbd-refs/branch-heads/4280@{#355}) on port 10635
Only local connections are allowed.
Please see https://chromedriver.chromium.org/security-considerations for suggestions on keeping ChromeDriver safe.
ChromeDriver was started successfully.
Jan 05, 2021 11:50:11 PM org.openqa.selenium.remote.ProtocolHandshake createSession
INFO: Detected dialect: W3C
]]></system-err>
  </testcase>
  <testcase name="searchProduct" classname="Execution.HomePage" time="2.453">
    <system-out><![CDATA[23:50:35.131 [main] INFO  java.lang.Class - Module Name: Product Search
23:50:35.136 [main] INFO  java.lang.Class - entering product name to be search
23:50:37.456 [main] INFO  java.lang.Class - product name entered
]]></system-out>
  </testcase>
  <testcase name="searchNoOfProducts" classname="Execution.HomePage" time="6.821">
    <system-out><![CDATA[23:50:37.584 [main] INFO  java.lang.Class - Module Name: Search number of products
23:50:37.589 [main] INFO  java.lang.Class - getting no. of products
23:50:41.082 [main] INFO  java.lang.Class - collecting list of products with the same name
Length of the list: 24
23:50:41.150 [main] INFO  java.lang.Class - checking the desired product
23:50:41.210 [main] INFO  java.lang.Class - checking the desired product
23:50:41.680 [main] INFO  java.lang.Class - Product Name: Redmi 9 (Sporty Orange, 128 GB)
23:50:41.924 [main] INFO  java.lang.Class - checking the desired product
23:50:42.009 [main] INFO  java.lang.Class - checking the desired product
23:50:42.299 [main] INFO  java.lang.Class - checking the desired product
23:50:42.504 [main] INFO  java.lang.Class - checking the desired product
23:50:42.675 [main] INFO  java.lang.Class - checking the desired product
23:50:42.856 [main] INFO  java.lang.Class - checking the desired product
23:50:42.950 [main] INFO  java.lang.Class - checking the desired product
23:50:43.017 [main] INFO  java.lang.Class - checking the desired product
23:50:43.131 [main] INFO  java.lang.Class - checking the desired product
23:50:43.256 [main] INFO  java.lang.Class - checking the desired product
23:50:43.392 [main] INFO  java.lang.Class - checking the desired product
23:50:43.477 [main] INFO  java.lang.Class - checking the desired product
23:50:43.558 [main] INFO  java.lang.Class - checking the desired product
23:50:43.645 [main] INFO  java.lang.Class - checking the desired product
23:50:43.736 [main] INFO  java.lang.Class - checking the desired product
23:50:43.809 [main] INFO  java.lang.Class - checking the desired product
23:50:43.888 [main] INFO  java.lang.Class - checking the desired product
23:50:43.963 [main] INFO  java.lang.Class - checking the desired product
23:50:44.046 [main] INFO  java.lang.Class - checking the desired product
23:50:44.151 [main] INFO  java.lang.Class - checking the desired product
23:50:44.213 [main] INFO  java.lang.Class - checking the desired product
23:50:44.299 [main] INFO  java.lang.Class - checking the desired product
]]></system-out>
  </testcase>
  <testcase name="setPincode" classname="Execution.HomePage" time="9.555">
    <system-out><![CDATA[23:50:44.301 [main] INFO  java.lang.Class - Module Name: Set Pincode
Set Pincode Child Window: CDwindow-7ACFCDFCF652A4B71C41627B0BDED0A4
23:50:53.948 [main] ERROR java.lang.Class - Product available for this area
]]></system-out>
  </testcase>
  <testcase name="clickOnBuy" classname="Execution.HomePage" time="0.277">
    <system-out><![CDATA[23:50:53.953 [main] INFO  java.lang.Class - clicking on buy button
]]></system-out>
  </testcase>
  <testcase name="setAddress" classname="Execution.HomePage" time="7.659">
    <system-out><![CDATA[23:51:00.896 [main] INFO  java.lang.Class - getting all address which exist 
23:51:01.038 [main] INFO  java.lang.Class - inside getAddress Method
23:51:01.039 [main] INFO  java.lang.Class - checking the desired address
23:51:01.112 [main] INFO  java.lang.Class - inside getAddress Method
23:51:01.112 [main] INFO  java.lang.Class - checking the desired address
23:51:01.403 [main] INFO  java.lang.Class - clicking the desired address
23:51:01.875 [main] INFO  java.lang.Class - clicking on deliver button
]]></system-out>
  </testcase>
  <testcase name="checkingProductDetails" classname="Execution.HomePage" time="0.507">
    <system-out><![CDATA[price of product: ₹10,843
]]></system-out>
  </testcase>
</testsuite>